<?xml version="1.0" encoding="UTF-8"?>
<testsuite name="MainTest" tests="1" skipped="0" failures="0" errors="0" timestamp="2020-12-22T22:31:02" hostname="MacBook-Pro-2" time="0.215">
  <properties/>
  <testcase name="Part two full data()" classname="MainTest" time="0.215"/>
  <system-out><![CDATA[]]></system-out>
  <system-err><![CDATA[]]></system-err>
</testsuite>
