<?xml version="1.0" encoding="UTF-8"?>
<testsuite name="MainTest" tests="1" skipped="0" failures="0" errors="0" timestamp="2020-12-24T16:07:14" hostname="MacBook-Pro-2.local" time="0.721">
  <properties/>
  <testcase name="part two()" classname="MainTest" time="0.721"/>
  <system-out><![CDATA[]]></system-out>
  <system-err><![CDATA[]]></system-err>
</testsuite>
