<?xml version="1.0" encoding="UTF-8"?>
<testsuite name="MainTest" tests="1" skipped="0" failures="0" errors="0" timestamp="2020-12-17T17:45:25" hostname="MacBook-Pro-2" time="0.049">
  <properties/>
  <testcase name="part two, 2 dimensions()" classname="MainTest" time="0.049"/>
  <system-out><![CDATA[]]></system-out>
  <system-err><![CDATA[]]></system-err>
</testsuite>
