<?xml version="1.0" encoding="UTF-8"?>
<testsuite name="MainTest" tests="8" skipped="0" failures="0" errors="0" timestamp="2020-12-05T17:41:36" hostname="MacBook-Pro-2" time="0.061">
  <properties/>
  <testcase name="binary conversion works when string is Fs ()" classname="MainTest" time="0.029"/>
  <testcase name="finding the seatId of a boarding pass()" classname="MainTest" time="0.001"/>
  <testcase name="find missing seat()" classname="MainTest" time="0.015"/>
  <testcase name="binary conversion works when string is 1s and 0s()" classname="MainTest" time="0.001"/>
  <testcase name="part one()" classname="MainTest" time="0.009"/>
  <testcase name="part two()" classname="MainTest" time="0.002"/>
  <testcase name="binary conversion works when string is Fs and Rs()" classname="MainTest" time="0.001"/>
  <testcase name="finding the  max seatId of boarding passes()" classname="MainTest" time="0.0"/>
  <system-out><![CDATA[]]></system-out>
  <system-err><![CDATA[]]></system-err>
</testsuite>
