<?xml version="1.0" encoding="UTF-8"?>
<testsuite name="MainTest" tests="1" skipped="0" failures="0" errors="0" timestamp="2020-12-10T18:02:12" hostname="MacBook-Pro-2" time="0.026">
  <properties/>
  <testcase name="part two()" classname="MainTest" time="0.026"/>
  <system-out><![CDATA[]]></system-out>
  <system-err><![CDATA[]]></system-err>
</testsuite>
