<?xml version="1.0" encoding="UTF-8"?>
<testsuite name="MainTest" tests="1" skipped="0" failures="0" errors="0" timestamp="2020-12-10T20:22:58" hostname="MacBook-Pro-2" time="0.034">
  <properties/>
  <testcase name="part two()" classname="MainTest" time="0.034"/>
  <system-out><![CDATA[2
]]></system-out>
  <system-err><![CDATA[]]></system-err>
</testsuite>
