<?xml version="1.0" encoding="UTF-8"?>
<testsuite name="MainTest" tests="1" skipped="0" failures="0" errors="0" timestamp="2020-12-14T21:47:25" hostname="MacBook-Pro-2.local" time="0.71">
  <properties/>
  <testcase name="part two ()" classname="MainTest" time="0.71"/>
  <system-out><![CDATA[lazy
lazy
lazy
lazy
lazy
lazy
lazy
lazy
lazy
lazy
lazy
lazy
lazy
lazy
lazy
lazy
lazy
lazy
lazy
lazy
lazy
lazy
lazy
lazy
lazy
lazy
lazy
lazy
lazy
lazy
lazy
lazy
lazy
lazy
lazy
lazy
lazy
lazy
lazy
lazy
lazy
lazy
lazy
lazy
lazy
lazy
lazy
lazy
lazy
lazy
lazy
lazy
lazy
lazy
lazy
lazy
lazy
lazy
lazy
lazy
lazy
lazy
lazy
lazy
lazy
lazy
lazy
lazy
lazy
lazy
lazy
lazy
lazy
lazy
lazy
lazy
lazy
lazy
lazy
lazy
lazy
lazy
lazy
lazy
lazy
lazy
lazy
lazy
lazy
lazy
lazy
lazy
lazy
lazy
lazy
lazy
lazy
lazy
lazy
lazy
]]></system-out>
  <system-err><![CDATA[]]></system-err>
</testsuite>
