<?xml version="1.0" encoding="UTF-8"?>
<testsuite name="MainTest" tests="9" skipped="0" failures="0" errors="0" timestamp="2020-12-11T17:36:58" hostname="MacBook-Pro-2" time="0.877">
  <properties/>
  <testcase name="transforming sample seats until nothing changes results in correct new grid()" classname="MainTest" time="0.031"/>
  <testcase name="first visible seat occupied()" classname="MainTest" time="0.001"/>
  <testcase name="transforming seats using new part2 rules()" classname="MainTest" time="0.004"/>
  <testcase name="occupied seats at position 2,2 is 3()" classname="MainTest" time="0.012"/>
  <testcase name="one transformation of seats using new part2 rules()" classname="MainTest" time="0.001"/>
  <testcase name="part one()" classname="MainTest" time="0.451"/>
  <testcase name="part two()" classname="MainTest" time="0.372"/>
  <testcase name="getting lines from position 2,2()" classname="MainTest" time="0.001"/>
  <testcase name="transforming sample seats once results in correct new grid()" classname="MainTest" time="0.001"/>
  <system-out><![CDATA[]]></system-out>
  <system-err><![CDATA[]]></system-err>
</testsuite>
