<?xml version="1.0" encoding="UTF-8"?>
<testsuite name="MainTest" tests="1" skipped="0" failures="0" errors="0" timestamp="2020-12-11T11:24:14" hostname="MacBook-Pro-2" time="0.051">
  <properties/>
  <testcase name="transforming seats using new part2 rules()" classname="MainTest" time="0.051"/>
  <system-out><![CDATA[]]></system-out>
  <system-err><![CDATA[]]></system-err>
</testsuite>
