<?xml version="1.0" encoding="UTF-8"?>
<testsuite name="MainTest" tests="1" skipped="0" failures="0" errors="0" timestamp="2020-12-16T15:12:02" hostname="MacBook-Pro-2" time="0.056">
  <properties/>
  <testcase name="part two()" classname="MainTest" time="0.056"/>
  <system-out><![CDATA[departure location: 27-840 or 860-957 53
departure track: 33-197 or 203-957 73
departure station: 28-176 or 183-949 97
departure date: 47-660 or 677-955 103
departure time: 45-744 or 758-971 59
departure platform: 44-270 or 277-967 71
161926544831
]]></system-out>
  <system-err><![CDATA[]]></system-err>
</testsuite>
