<?xml version="1.0" encoding="UTF-8"?>
<testsuite name="MainTest" tests="1" skipped="0" failures="0" errors="0" timestamp="2020-12-16T16:36:46" hostname="MacBook-Pro-2" time="0.046">
  <properties/>
  <testcase name="part two()" classname="MainTest" time="0.046"/>
  <system-out><![CDATA[[53, 73, 97, 103, 59, 71]
]]></system-out>
  <system-err><![CDATA[]]></system-err>
</testsuite>
