<?xml version="1.0" encoding="UTF-8"?>
<testsuite name="MainTest" tests="1" skipped="0" failures="0" errors="0" timestamp="2020-12-20T18:43:10" hostname="MacBook-Pro-2.local" time="37.625">
  <properties/>
  <testcase name="border tiles in the sample data()" classname="MainTest" time="37.625"/>
  <system-out><![CDATA[]]></system-out>
  <system-err><![CDATA[]]></system-err>
</testsuite>
