<?xml version="1.0" encoding="UTF-8"?>
<testsuite name="MainTest" tests="7" skipped="0" failures="0" errors="0" timestamp="2020-12-13T15:25:12" hostname="MacBook-Pro-2.local" time="0.045">
  <properties/>
  <testcase name="parse data into a list of busids and intervals()" classname="MainTest" time="0.036"/>
  <testcase name="find valid departure time for busses in other sample data()" classname="MainTest" time="0.002"/>
  <testcase name="parse data into an integer and list of integers()" classname="MainTest" time="0.001"/>
  <testcase name="find valid departure time for busses in sample data()" classname="MainTest" time="0.001"/>
  <testcase name="finding best bus from sample data()" classname="MainTest" time="0.001"/>
  <testcase name="part one()" classname="MainTest" time="0.001"/>
  <testcase name="part two()" classname="MainTest" time="0.001"/>
  <system-out><![CDATA[]]></system-out>
  <system-err><![CDATA[]]></system-err>
</testsuite>
