<?xml version="1.0" encoding="UTF-8"?>
<testsuite name="MainTest" tests="1" skipped="0" failures="0" errors="0" timestamp="2020-12-15T18:04:11" hostname="MacBook-Pro-2" time="0.024">
  <properties/>
  <testcase name="processing part one using part two process()" classname="MainTest" time="0.024"/>
  <system-out><![CDATA[]]></system-out>
  <system-err><![CDATA[]]></system-err>
</testsuite>
